<?xml version="1.0" encoding="UTF-8"?>
<testsuite xmlns:xsi="http://www.w3.org/2001/XMLSchema-instance" xsi:noNamespaceSchemaLocation="https://maven.apache.org/surefire/maven-surefire-plugin/xsd/surefire-test-report-3.0.xsd" version="3.0" name="com.example.MainTest" time="0.021" tests="3" errors="0" skipped="0" failures="0">
  <properties>
[...]
</properties>
  <testcase name="testFibonacciOne" classname="com.example.MainTest" time="0.01"/>
  <testcase name="testFibonacciTen" classname="com.example.MainTest" time="0.001"/>
  <testcase name="testFibonacciZero" classname="com.example.MainTest" time="0.0"/>
</testsuite>